<?xml version="1.0" encoding="UTF-8"?>
<testng-results skipped="0" failed="0" total="1" passed="1">
  <reporter-output>
  </reporter-output>
  <suite name="Default suite" duration-ms="3635" started-at="2021-04-25T12:39:28Z" finished-at="2021-04-25T12:39:32Z">
    <groups>
    </groups>
    <test name="Default test" duration-ms="3635" started-at="2021-04-25T12:39:28Z" finished-at="2021-04-25T12:39:32Z">
      <class name="LoginPage.LoginRestAPI">
        <test-method status="PASS" signature="f()[pri:0, instance:LoginPage.LoginRestAPI@47fd17e3]" name="f" duration-ms="3613" started-at="2021-04-25T18:09:28Z" finished-at="2021-04-25T18:09:32Z">
          <reporter-output>
          </reporter-output>
        </test-method> <!-- f -->
      </class> <!-- LoginPage.LoginRestAPI -->
    </test> <!-- Default test -->
  </suite> <!-- Default suite -->
</testng-results>
